<?xml version="1.0" encoding="UTF-8"?>
<!-- Generated by org.testng.reporters.JUnitReportReporter -->
<testsuite hostname="Swathi-PC" name="yahoo.yahoomail" tests="1" failures="0" timestamp="17 Jan 2017 12:11:25 GMT" time="0.031" errors="0">
  <testcase name="yahoomail" time="0.031" classname="yahoo.yahoomail"/>
</testsuite> <!-- yahoo.yahoomail -->
